2024-08-03 12:21:53 info: Mongo DB Conectado
2024-08-03 12:21:53 info: Escuchando el servidor en el puerto 8080
2024-08-03 12:21:53 error: Se cayo el server
2024-08-03 12:21:53 warn: Se cayo el server
2024-08-03 12:22:51 info: Mongo DB Conectado
2024-08-03 12:22:51 info: Escuchando el servidor en el puerto 8080
2024-08-03 12:22:51 error: Se cayo el server
2024-08-03 12:22:51 warn: Se cayo el server
2024-08-03 12:22:51 http: /GE
2024-08-03 12:23:34 info: Mongo DB Conectado
2024-08-03 12:23:34 info: Escuchando el servidor en el puerto 8080
2024-08-03 12:23:34 error: Se cayo el server
2024-08-03 12:23:34 warn: Se cayo el server
2024-08-03 12:26:40 info: Mongo DB Conectado
2024-08-03 12:26:40 info: Escuchando el servidor en el puerto 8080
2024-08-03 12:26:40 error: Se cayo el server
2024-08-03 12:26:40 warn: Se cayo el server
2024-08-03 12:46:44 info: Mongo DB Conectado
2024-08-03 12:46:44 info: Escuchando el servidor en el puerto 8080
2024-08-03 12:46:44 error: Se cayo el server
2024-08-03 12:46:44 warn: Se cayo el server
2024-08-03 12:47:13 info: Mongo DB Conectado
2024-08-03 12:47:13 info: Escuchando el servidor en el puerto 8080
2024-08-03 12:47:13 error: Se cayo el server
2024-08-03 12:47:13 warn: Se cayo el server
2024-08-03 12:48:02 info: Mongo DB Conectado
2024-08-03 12:48:02 info: Escuchando el servidor en el puerto 8080
2024-08-03 12:48:02 error: Se cayo el server
2024-08-03 12:48:02 warn: Se cayo el server
2024-08-03 12:48:13 info: Mongo DB Conectado
2024-08-03 12:48:13 info: Escuchando el servidor en el puerto 8080
2024-08-03 12:48:13 error: Se cayo el server
2024-08-03 12:48:13 warn: Se cayo el server
2024-08-03 12:48:14 info: Mongo DB Conectado
2024-08-03 12:48:14 info: Escuchando el servidor en el puerto 8080
2024-08-03 12:48:14 error: Se cayo el server
2024-08-03 12:48:14 warn: Se cayo el server
2024-08-03 12:48:16 info: Mongo DB Conectado
2024-08-03 12:48:16 info: Escuchando el servidor en el puerto 8080
2024-08-03 12:48:16 error: Se cayo el server
2024-08-03 12:48:16 warn: Se cayo el server
2024-08-03 12:49:22 info: Mongo DB Conectado
2024-08-03 12:49:22 info: Escuchando el servidor en el puerto 8080
2024-08-03 12:49:22 error: Se cayo el server
2024-08-03 12:49:22 warn: Se cayo el server
2024-08-03 12:50:27 info: Mongo DB Conectado
2024-08-03 12:50:27 info: Escuchando el servidor en el puerto 8080
2024-08-03 12:50:27 error: Se cayo el server
2024-08-03 12:50:27 warn: Se cayo el server
2024-08-03 12:51:50 info: Mongo DB Conectado
2024-08-03 12:51:50 info: Escuchando el servidor en el puerto 8080
2024-08-03 12:52:18 info: Mongo DB Conectado
2024-08-03 12:52:18 info: Escuchando el servidor en el puerto 8080
2024-08-03 12:52:18 error: Escuchando el servidor en el puerto 8080
2024-08-03 12:56:22 info: Mongo DB Conectado
2024-08-03 12:56:22 info: Escuchando el servidor en el puerto 8080
2024-08-03 12:56:22 error: Escuchando el servidor en el puerto 8080
2024-08-03 12:57:25 info: Mongo DB Conectado
2024-08-03 12:57:25 info: Escuchando el servidor en el puerto 8080
2024-08-03 12:57:28 info: Mongo DB Conectado
2024-08-03 12:57:28 info: Escuchando el servidor en el puerto 8080
2024-08-03 12:59:29 info: Mongo DB Conectado
2024-08-03 12:59:29 info: Escuchando el servidor en el puerto 8080
2024-08-03 12:59:32 error: Product id 663ecface7a12be667faa99e not found
2024-08-03 12:59:42 info: Mongo DB Conectado
2024-08-03 12:59:42 info: Escuchando el servidor en el puerto 8080
2024-08-03 12:59:44 error: Product id 663ecface7a12be667faa99e not found
2024-08-03 13:00:37 error: Cast to ObjectId failed for value "663ecface7a12be667faa99" (type string) at path "_id" for model "products"
2024-08-03 13:02:23 info: Mongo DB Conectado
2024-08-03 13:02:23 info: Escuchando el servidor en el puerto 8080
2024-08-03 13:03:28 info: Mongo DB Conectado
2024-08-03 13:03:28 info: Escuchando el servidor en el puerto 8080
2024-08-03 13:03:41 info: Mongo DB Conectado
2024-08-03 13:03:41 info: Escuchando el servidor en el puerto 8080
2024-08-03 13:03:57 error: Internal Server Error
2024-08-03 13:04:39 info: Mongo DB Conectado
2024-08-03 13:04:39 info: Escuchando el servidor en el puerto 8080
2024-08-03 13:04:50 error: Cast to ObjectId failed for value "663ecface7a12be667faa99" (type string) at path "_id" for model "products"
2024-08-03 13:08:24 error: Cast to ObjectId failed for value "fdsfsdfsd" (type string) at path "_id" for model "products"
2024-08-03 13:11:44 info: Mongo DB Conectado
2024-08-03 13:11:44 info: Escuchando el servidor en el puerto 8080
2024-08-03 13:11:48 error: [GET] /api/products/id:
2024-08-03 13:11:48 error: Cast to ObjectId failed for value "fdsfsdfsd" (type string) at path "_id" for model "products"
2024-08-03 13:12:23 error: [GET] /api/products/id:
2024-08-03 13:13:56 info: Mongo DB Conectado
2024-08-03 13:13:56 info: Escuchando el servidor en el puerto 8080
2024-08-03 13:14:02 error: [GET] /api/products/id:
2024-08-03 13:14:02 error: Cast to ObjectId failed for value "663ecfac" (type string) at path "_id" for model "products"
2024-08-03 13:14:12 info: Mongo DB Conectado
2024-08-03 13:14:12 info: Escuchando el servidor en el puerto 8080
2024-08-03 13:14:16 error: [GET] /api/products/id:
2024-08-03 13:14:16 error: Cast to ObjectId failed for value "663ecfac" (type string) at path "_id" for model "products"
2024-08-03 13:16:13 info: Mongo DB Conectado
2024-08-03 13:16:13 info: Escuchando el servidor en el puerto 8080
2024-08-03 13:16:44 info: Mongo DB Conectado
2024-08-03 13:16:44 info: Escuchando el servidor en el puerto 8080
2024-08-03 13:17:13 info: Mongo DB Conectado
2024-08-03 13:17:13 info: Escuchando el servidor en el puerto 8080
2024-08-03 14:20:57 info: Mongo DB Conectado
2024-08-03 14:20:57 info: Escuchando el servidor en el puerto 8080
2024-08-03 14:22:42 info: Mongo DB Conectado
2024-08-03 14:22:42 info: Escuchando el servidor en el puerto 8080
2024-08-03 14:26:55 info: Mongo DB Conectado
2024-08-03 14:26:55 info: Escuchando el servidor en el puerto 8080
2024-08-03 14:36:07 info: Mongo DB Conectado
2024-08-03 14:36:07 info: Escuchando el servidor en el puerto 8080
2024-08-03 14:38:10 info: Mongo DB Conectado
2024-08-03 14:38:10 info: Escuchando el servidor en el puerto 8080
2024-08-03 14:38:50 info: Mongo DB Conectado
2024-08-03 14:38:50 info: Escuchando el servidor en el puerto 8080
2024-08-03 14:49:12 info: Mongo DB Conectado
2024-08-03 14:49:12 info: Escuchando el servidor en el puerto 8080
2024-08-03 15:58:18 info: Mongo DB Conectado
2024-08-03 15:58:18 info: Escuchando el servidor en el puerto 8080
2024-08-03 15:58:49 info: Mongo DB Conectado
2024-08-03 15:58:49 info: Escuchando el servidor en el puerto 8080
2024-08-03 15:59:13 info: Mongo DB Conectado
2024-08-03 15:59:13 info: Escuchando el servidor en el puerto 8080
2024-08-16 20:21:17 info: Mongo DB Conectado
2024-08-16 20:21:17 info: Escuchando el servidor en el puerto 8080
2024-08-16 20:23:42 info: Mongo DB Conectado
2024-08-16 20:23:42 info: Escuchando el servidor en el puerto 8080
2024-08-16 20:24:03 info: Mongo DB Conectado
2024-08-16 20:24:03 info: Escuchando el servidor en el puerto 8080
2024-08-16 20:24:16 info: Mongo DB Conectado
2024-08-16 20:24:16 info: Escuchando el servidor en el puerto 8080
2024-08-16 20:24:54 info: Mongo DB Conectado
2024-08-16 20:24:54 info: Escuchando el servidor en el puerto 8080
2024-08-16 20:26:02 info: Mongo DB Conectado
2024-08-16 20:26:02 info: Escuchando el servidor en el puerto 8080
2024-08-16 20:26:19 info: Mongo DB Conectado
2024-08-16 20:26:19 info: Escuchando el servidor en el puerto 8080
2024-08-16 20:27:08 info: Mongo DB Conectado
2024-08-16 20:27:08 info: Escuchando el servidor en el puerto 8080
2024-08-16 20:28:37 info: Mongo DB Conectado
2024-08-16 20:28:37 info: Escuchando el servidor en el puerto 8080
2024-08-16 20:28:46 info: Mongo DB Conectado
2024-08-16 20:28:46 info: Escuchando el servidor en el puerto 8080
2024-08-16 20:29:36 info: Mongo DB Conectado
2024-08-16 20:29:36 info: Escuchando el servidor en el puerto 8080
2024-08-16 20:30:34 info: Mongo DB Conectado
2024-08-16 20:30:34 info: Escuchando el servidor en el puerto 8080
2024-08-16 20:30:52 info: Mongo DB Conectado
2024-08-16 20:30:52 info: Escuchando el servidor en el puerto 8080
2024-08-16 20:31:03 info: Mongo DB Conectado
2024-08-16 20:31:03 info: Escuchando el servidor en el puerto 8080
2024-08-16 20:31:47 info: Mongo DB Conectado
2024-08-16 20:31:47 info: Escuchando el servidor en el puerto 8080
2024-08-16 20:32:50 info: Mongo DB Conectado
2024-08-16 20:32:50 info: Escuchando el servidor en el puerto 8080
2024-08-16 20:34:19 info: Mongo DB Conectado
2024-08-16 20:34:19 info: Escuchando el servidor en el puerto 8080
2024-08-16 20:34:38 info: Mongo DB Conectado
2024-08-16 20:34:38 info: Escuchando el servidor en el puerto 8080
2024-08-16 20:37:29 info: Mongo DB Conectado
2024-08-16 20:37:29 info: Escuchando el servidor en el puerto 8080
2024-08-16 20:40:46 info: Mongo DB Conectado
2024-08-16 20:40:46 info: Escuchando el servidor en el puerto 8080
2024-08-16 20:44:59 info: Mongo DB Conectado
2024-08-16 20:44:59 info: Escuchando el servidor en el puerto 8080
2024-08-16 20:46:30 error: [POST] /api/user/reset-password - data and hash arguments required
2024-08-16 20:49:49 info: Mongo DB Conectado
2024-08-16 20:49:49 info: Escuchando el servidor en el puerto 8080
2024-08-16 20:50:02 error: [POST] /api/user/reset-password - data and hash arguments required
2024-08-16 20:50:23 info: Mongo DB Conectado
2024-08-16 20:50:23 info: Escuchando el servidor en el puerto 8080
2024-08-16 20:50:38 error: [POST] /api/user/reset-password - data and hash arguments required
2024-08-16 20:51:19 info: Mongo DB Conectado
2024-08-16 20:51:19 info: Escuchando el servidor en el puerto 8080
2024-08-16 20:51:35 info: Mongo DB Conectado
2024-08-16 20:51:35 info: Escuchando el servidor en el puerto 8080
2024-08-16 20:53:42 info: Mongo DB Conectado
2024-08-16 20:53:42 info: Escuchando el servidor en el puerto 8080
2024-08-16 20:54:46 info: Mongo DB Conectado
2024-08-16 20:54:46 info: Escuchando el servidor en el puerto 8080
2024-08-16 21:00:34 info: Mongo DB Conectado
2024-08-16 21:00:34 info: Escuchando el servidor en el puerto 8080
2024-08-16 21:01:07 info: Mongo DB Conectado
2024-08-16 21:01:07 info: Escuchando el servidor en el puerto 8080
2024-08-16 21:03:58 info: Mongo DB Conectado
2024-08-16 21:03:58 info: Escuchando el servidor en el puerto 8080
2024-08-16 21:04:49 info: Mongo DB Conectado
2024-08-16 21:04:49 info: Escuchando el servidor en el puerto 8080
2024-08-16 21:04:53 info: Mongo DB Conectado
2024-08-16 21:04:53 info: Escuchando el servidor en el puerto 8080
2024-08-16 21:06:22 info: Mongo DB Conectado
2024-08-16 21:06:22 info: Escuchando el servidor en el puerto 8080
2024-08-16 21:08:47 info: Mongo DB Conectado
2024-08-16 21:08:47 info: Escuchando el servidor en el puerto 8080
2024-08-16 21:09:22 info: Mongo DB Conectado
2024-08-16 21:09:22 info: Escuchando el servidor en el puerto 8080
2024-08-16 21:09:37 info: Mongo DB Conectado
2024-08-16 21:09:37 info: Escuchando el servidor en el puerto 8080
2024-08-16 21:10:20 info: Mongo DB Conectado
2024-08-16 21:10:20 info: Escuchando el servidor en el puerto 8080
2024-08-16 21:10:21 info: Mongo DB Conectado
2024-08-16 21:10:21 info: Escuchando el servidor en el puerto 8080
2024-08-16 21:13:17 info: Mongo DB Conectado
2024-08-16 21:13:17 info: Escuchando el servidor en el puerto 8080
2024-08-16 21:14:14 info: Mongo DB Conectado
2024-08-16 21:14:14 info: Escuchando el servidor en el puerto 8080
2024-08-16 21:14:45 info: Mongo DB Conectado
2024-08-16 21:14:45 info: Escuchando el servidor en el puerto 8080
2024-08-16 21:15:58 info: Mongo DB Conectado
2024-08-16 21:15:58 info: Escuchando el servidor en el puerto 8080
2024-08-16 21:17:32 info: Mongo DB Conectado
2024-08-16 21:17:32 info: Escuchando el servidor en el puerto 8080
2024-08-16 21:18:36 info: Mongo DB Conectado
2024-08-16 21:18:36 info: Escuchando el servidor en el puerto 8080
2024-08-16 21:20:40 info: Mongo DB Conectado
2024-08-16 21:20:40 info: Escuchando el servidor en el puerto 8080
2024-08-16 21:20:45 info: Mongo DB Conectado
2024-08-16 21:20:45 info: Escuchando el servidor en el puerto 8080
2024-08-16 21:21:36 info: Mongo DB Conectado
2024-08-16 21:21:36 info: Escuchando el servidor en el puerto 8080
2024-08-16 21:21:42 info: Mongo DB Conectado
2024-08-16 21:21:42 info: Escuchando el servidor en el puerto 8080
2024-08-24 12:07:11 info: Mongo DB Conectado
2024-08-24 12:07:11 info: Escuchando el servidor en el puerto 8080
2024-08-24 12:08:26 info: Mongo DB Conectado
2024-08-24 12:08:26 info: Escuchando el servidor en el puerto 8080
2024-08-24 12:09:11 info: Mongo DB Conectado
2024-08-24 12:09:11 info: Escuchando el servidor en el puerto 8080
2024-08-24 12:09:41 info: Mongo DB Conectado
2024-08-24 12:09:41 info: Escuchando el servidor en el puerto 8080
2024-08-24 12:16:38 info: Mongo DB Conectado
2024-08-24 12:16:38 info: Escuchando el servidor en el puerto 8080
2024-08-24 12:17:42 info: Mongo DB Conectado
2024-08-24 12:17:42 info: Escuchando el servidor en el puerto 8080
2024-08-24 12:18:39 info: Mongo DB Conectado
2024-08-24 12:18:39 info: Escuchando el servidor en el puerto 8080
2024-08-24 12:20:34 info: Mongo DB Conectado
2024-08-24 12:20:34 info: Escuchando el servidor en el puerto 8080
2024-08-24 12:20:39 info: Mongo DB Conectado
2024-08-24 12:20:39 info: Escuchando el servidor en el puerto 8080
2024-08-24 12:40:15 info: Mongo DB Conectado
2024-08-24 12:40:15 info: Escuchando el servidor en el puerto 8080
2024-08-24 12:40:44 info: Mongo DB Conectado
2024-08-24 12:40:44 info: Escuchando el servidor en el puerto 8080
2024-08-24 12:57:50 info: Mongo DB Conectado
2024-08-24 12:57:50 info: Escuchando el servidor en el puerto 8080
2024-08-24 13:02:50 info: Mongo DB Conectado
2024-08-24 13:02:50 info: Escuchando el servidor en el puerto 8080
2024-08-24 13:04:34 info: Mongo DB Conectado
2024-08-24 13:04:34 info: Escuchando el servidor en el puerto 8080
2024-08-24 13:05:01 info: Mongo DB Conectado
2024-08-24 13:05:01 info: Escuchando el servidor en el puerto 8080
2024-08-24 13:11:52 info: Mongo DB Conectado
2024-08-24 13:11:52 info: Escuchando el servidor en el puerto 8080
2024-08-24 13:14:49 info: Mongo DB Conectado
2024-08-24 13:14:49 info: Escuchando el servidor en el puerto 8080
2024-08-24 13:17:25 info: Mongo DB Conectado
2024-08-24 13:17:25 info: Escuchando el servidor en el puerto 8080
2024-08-24 13:19:27 info: Mongo DB Conectado
2024-08-24 13:19:27 info: Escuchando el servidor en el puerto 8080
2024-08-24 13:20:16 error: _id - Cast to ObjectId failed for value "dffdsfdsfds" (type string) at path "_id" for model "products"
2024-08-24 13:22:02 info: Mongo DB Conectado
2024-08-24 13:22:02 info: Escuchando el servidor en el puerto 8080
2024-08-24 13:28:12 info: Mongo DB Conectado
2024-08-24 13:28:12 info: Escuchando el servidor en el puerto 8080
2024-08-24 13:28:23 info: Mongo DB Conectado
2024-08-24 13:28:23 info: Escuchando el servidor en el puerto 8080
2024-08-24 13:29:51 info: Mongo DB Conectado
2024-08-24 13:29:51 info: Escuchando el servidor en el puerto 8080
2024-08-24 13:33:04 info: Mongo DB Conectado
2024-08-24 13:33:04 info: Escuchando el servidor en el puerto 8080
2024-08-24 14:07:45 info: Mongo DB Conectado
2024-08-24 14:07:45 info: Escuchando el servidor en el puerto 8080
2024-08-24 14:09:22 info: Mongo DB Conectado
2024-08-24 14:09:22 info: Escuchando el servidor en el puerto 8080
2024-08-24 14:12:00 info: Mongo DB Conectado
2024-08-24 14:12:00 info: Escuchando el servidor en el puerto 8080
2024-08-24 14:12:34 info: Mongo DB Conectado
2024-08-24 14:12:34 info: Escuchando el servidor en el puerto 8080
2024-08-24 14:13:09 info: Mongo DB Conectado
2024-08-24 14:13:09 info: Escuchando el servidor en el puerto 8080
2024-08-24 14:13:49 info: Mongo DB Conectado
2024-08-24 14:13:49 info: Escuchando el servidor en el puerto 8080
2024-08-24 14:14:42 info: Mongo DB Conectado
2024-08-24 14:14:42 info: Escuchando el servidor en el puerto 8080
2024-08-24 14:16:56 info: Mongo DB Conectado
2024-08-24 14:16:56 info: Escuchando el servidor en el puerto 8080
2024-08-24 14:18:21 info: Mongo DB Conectado
2024-08-24 14:18:21 info: Escuchando el servidor en el puerto 8080
2024-08-24 14:18:59 info: Mongo DB Conectado
2024-08-24 14:18:59 info: Escuchando el servidor en el puerto 8080
2024-08-24 14:20:52 info: Mongo DB Conectado
2024-08-24 14:20:52 info: Escuchando el servidor en el puerto 8080
2024-08-24 14:21:44 info: Mongo DB Conectado
2024-08-24 14:21:44 info: Escuchando el servidor en el puerto 8080
2024-08-24 14:22:21 info: Mongo DB Conectado
2024-08-24 14:22:21 info: Escuchando el servidor en el puerto 8080
2024-08-24 14:22:52 info: Mongo DB Conectado
2024-08-24 14:22:52 info: Escuchando el servidor en el puerto 8080
2024-08-24 14:25:56 info: Mongo DB Conectado
2024-08-24 14:25:56 info: Escuchando el servidor en el puerto 8080
2024-08-24 14:27:56 info: Mongo DB Conectado
2024-08-24 14:27:56 info: Escuchando el servidor en el puerto 8080
2024-08-24 14:29:03 info: Mongo DB Conectado
2024-08-24 14:29:03 info: Escuchando el servidor en el puerto 8080
2024-08-24 14:30:00 info: Mongo DB Conectado
2024-08-24 14:30:00 info: Escuchando el servidor en el puerto 8080
2024-08-24 14:33:00 info: Mongo DB Conectado
2024-08-24 14:33:00 info: Escuchando el servidor en el puerto 8080
2024-08-24 14:34:49 info: Mongo DB Conectado
2024-08-24 14:34:49 info: Escuchando el servidor en el puerto 8080
2024-08-24 14:35:12 info: Mongo DB Conectado
2024-08-24 14:35:12 info: Escuchando el servidor en el puerto 8080
2024-08-24 14:35:16 info: Mongo DB Conectado
2024-08-24 14:35:16 info: Escuchando el servidor en el puerto 8080
2024-08-24 14:35:29 info: Mongo DB Conectado
2024-08-24 14:35:29 info: Escuchando el servidor en el puerto 8080
2024-08-24 14:35:41 info: Mongo DB Conectado
2024-08-24 14:35:41 info: Escuchando el servidor en el puerto 8080
2024-08-24 14:37:15 info: Mongo DB Conectado
2024-08-24 14:37:15 info: Escuchando el servidor en el puerto 8080
2024-08-24 14:38:10 info: Mongo DB Conectado
2024-08-24 14:38:10 info: Escuchando el servidor en el puerto 8080
2024-08-24 14:45:10 info: Mongo DB Conectado
2024-08-24 14:45:10 info: Escuchando el servidor en el puerto 8080
2024-08-24 14:46:03 info: Mongo DB Conectado
2024-08-24 14:46:03 info: Escuchando el servidor en el puerto 8080
2024-08-24 14:47:46 info: Mongo DB Conectado
2024-08-24 14:47:46 info: Escuchando el servidor en el puerto 8080
2024-08-24 14:48:48 info: Mongo DB Conectado
2024-08-24 14:48:48 info: Escuchando el servidor en el puerto 8080
2024-08-24 14:50:47 info: Mongo DB Conectado
2024-08-24 14:50:47 info: Escuchando el servidor en el puerto 8080
2024-08-24 14:52:05 info: Mongo DB Conectado
2024-08-24 14:52:05 info: Escuchando el servidor en el puerto 8080
2024-09-14 09:02:39 info: Mongo DB Conectado
2024-09-14 09:02:39 info: Escuchando el servidor en el puerto 8080
2024-09-14 09:04:04 info: Mongo DB Conectado
2024-09-14 09:04:04 info: Escuchando el servidor en el puerto 8080
2024-09-14 09:08:31 info: Mongo DB Conectado
2024-09-14 09:08:31 info: Escuchando el servidor en el puerto 8080
2024-09-14 09:08:52 info: Mongo DB Conectado
2024-09-14 09:08:52 info: Escuchando el servidor en el puerto 8080
2024-09-14 09:08:55 error:  - userServices.getUserById is not a function
2024-09-14 09:10:48 info: Mongo DB Conectado
2024-09-14 09:10:48 info: Escuchando el servidor en el puerto 8080
2024-09-14 09:11:55 error:  - error.badRequestError is not a constructor
2024-09-14 09:12:23 info: Mongo DB Conectado
2024-09-14 09:12:23 info: Escuchando el servidor en el puerto 8080
2024-09-14 09:13:56 info: Mongo DB Conectado
2024-09-14 09:13:56 info: Escuchando el servidor en el puerto 8080
2024-09-14 09:14:17 info: Mongo DB Conectado
2024-09-14 09:14:17 info: Escuchando el servidor en el puerto 8080
2024-09-14 09:16:42 info: Mongo DB Conectado
2024-09-14 09:16:42 info: Escuchando el servidor en el puerto 8080
2024-09-14 09:17:42 info: Mongo DB Conectado
2024-09-14 09:17:42 info: Escuchando el servidor en el puerto 8080
2024-09-14 09:17:45 error:  - Unexpected field
2024-09-14 09:19:09 info: Mongo DB Conectado
2024-09-14 09:19:09 info: Escuchando el servidor en el puerto 8080
2024-09-14 09:19:11 error:  - Unexpected field
2024-09-14 09:20:57 info: Mongo DB Conectado
2024-09-14 09:20:57 info: Escuchando el servidor en el puerto 8080
2024-09-14 09:20:59 info: Mongo DB Conectado
2024-09-14 09:20:59 info: Escuchando el servidor en el puerto 8080
2024-09-14 09:21:00 error:  - Unexpected field
2024-09-14 09:21:27 info: Mongo DB Conectado
2024-09-14 09:21:27 info: Escuchando el servidor en el puerto 8080
2024-09-14 09:21:35 info: Mongo DB Conectado
2024-09-14 09:21:35 info: Escuchando el servidor en el puerto 8080
2024-09-14 09:22:05 info: Mongo DB Conectado
2024-09-14 09:22:05 info: Escuchando el servidor en el puerto 8080
2024-09-14 09:22:43 info: Mongo DB Conectado
2024-09-14 09:22:43 info: Escuchando el servidor en el puerto 8080
2024-09-14 09:23:31 info: Mongo DB Conectado
2024-09-14 09:23:31 info: Escuchando el servidor en el puerto 8080
2024-09-14 09:24:18 info: Mongo DB Conectado
2024-09-14 09:24:18 info: Escuchando el servidor en el puerto 8080
2024-09-14 09:25:31 info: Mongo DB Conectado
2024-09-14 09:25:31 info: Escuchando el servidor en el puerto 8080
2024-09-14 09:26:04 info: Mongo DB Conectado
2024-09-14 09:26:04 info: Escuchando el servidor en el puerto 8080
2024-09-14 09:26:21 error:  - Unexpected field
2024-09-14 09:26:55 info: Mongo DB Conectado
2024-09-14 09:26:55 info: Escuchando el servidor en el puerto 8080
2024-09-14 09:27:07 info: Mongo DB Conectado
2024-09-14 09:27:07 info: Escuchando el servidor en el puerto 8080
2024-09-14 09:27:08 error:  - Unexpected field
2024-09-14 09:27:14 info: Mongo DB Conectado
2024-09-14 09:27:15 info: Escuchando el servidor en el puerto 8080
2024-09-14 09:27:18 error:  - Unexpected field
2024-09-14 09:27:32 info: Mongo DB Conectado
2024-09-14 09:27:32 info: Escuchando el servidor en el puerto 8080
2024-09-14 09:27:42 info: Mongo DB Conectado
2024-09-14 09:27:42 info: Escuchando el servidor en el puerto 8080
2024-09-14 09:28:11 info: Mongo DB Conectado
2024-09-14 09:28:11 info: Escuchando el servidor en el puerto 8080
2024-09-14 09:28:24 info: Mongo DB Conectado
2024-09-14 09:28:24 info: Escuchando el servidor en el puerto 8080
2024-09-14 09:28:37 info: Mongo DB Conectado
2024-09-14 09:28:37 info: Escuchando el servidor en el puerto 8080
2024-09-14 09:29:01 info: Mongo DB Conectado
2024-09-14 09:29:01 info: Escuchando el servidor en el puerto 8080
2024-09-14 09:29:15 info: Mongo DB Conectado
2024-09-14 09:29:15 info: Escuchando el servidor en el puerto 8080
2024-09-14 09:29:22 info: Mongo DB Conectado
2024-09-14 09:29:22 info: Escuchando el servidor en el puerto 8080
2024-09-14 09:30:26 info: Mongo DB Conectado
2024-09-14 09:30:26 info: Escuchando el servidor en el puerto 8080
2024-09-14 09:30:35 info: Mongo DB Conectado
2024-09-14 09:30:35 info: Escuchando el servidor en el puerto 8080
2024-09-14 09:31:04 info: Mongo DB Conectado
2024-09-14 09:31:04 info: Escuchando el servidor en el puerto 8080
2024-09-14 09:33:04 info: Mongo DB Conectado
2024-09-14 09:33:04 info: Escuchando el servidor en el puerto 8080
2024-09-14 09:33:23 info: Mongo DB Conectado
2024-09-14 09:33:23 info: Escuchando el servidor en el puerto 8080
2024-09-14 09:33:35 info: Mongo DB Conectado
2024-09-14 09:33:35 info: Escuchando el servidor en el puerto 8080
2024-09-14 09:33:53 info: Mongo DB Conectado
2024-09-14 09:33:53 info: Escuchando el servidor en el puerto 8080
2024-09-14 09:34:01 info: Mongo DB Conectado
2024-09-14 09:34:01 info: Escuchando el servidor en el puerto 8080
2024-09-14 09:38:23 info: Mongo DB Conectado
2024-09-14 09:38:23 info: Escuchando el servidor en el puerto 8080
2024-09-14 09:39:10 info: Mongo DB Conectado
2024-09-14 09:39:10 info: Escuchando el servidor en el puerto 8080
2024-09-14 09:39:13 error: C:\Users\profe\OneDrive\Documentos\cursos\Backend\repo-clases-backend\integradora\integradora\public\uploads\profile\ghhvumnk6lpt82tmp1co (1).png - ENOENT: no such file or directory, open 'C:\Users\profe\OneDrive\Documentos\cursos\Backend\repo-clases-backend\integradora\integradora\public\uploads\profile\ghhvumnk6lpt82tmp1co (1).png'
2024-09-14 09:40:08 info: Mongo DB Conectado
2024-09-14 09:40:08 info: Escuchando el servidor en el puerto 8080
2024-09-14 09:51:41 info: Mongo DB Conectado
2024-09-14 09:51:41 info: Escuchando el servidor en el puerto 8080
2024-09-14 09:52:38 info: Mongo DB Conectado
2024-09-14 09:52:38 info: Escuchando el servidor en el puerto 8080
2024-09-14 09:53:19 info: Mongo DB Conectado
2024-09-14 09:53:19 info: Escuchando el servidor en el puerto 8080
2024-09-14 09:54:07 info: Mongo DB Conectado
2024-09-14 09:54:07 info: Escuchando el servidor en el puerto 8080
2024-09-14 09:54:22 info: Mongo DB Conectado
2024-09-14 09:54:22 info: Escuchando el servidor en el puerto 8080
2024-09-14 09:55:49 info: Mongo DB Conectado
2024-09-14 09:55:49 info: Escuchando el servidor en el puerto 8080
2024-09-14 09:58:01 info: Mongo DB Conectado
2024-09-14 09:58:01 info: Escuchando el servidor en el puerto 8080
2024-09-14 09:58:27 info: Mongo DB Conectado
2024-09-14 09:58:27 info: Escuchando el servidor en el puerto 8080
2024-09-14 09:58:44 info: Mongo DB Conectado
2024-09-14 09:58:44 info: Escuchando el servidor en el puerto 8080
2024-09-14 10:00:03 info: Mongo DB Conectado
2024-09-14 10:00:03 info: Escuchando el servidor en el puerto 8080
2024-09-14 10:00:20 info: Mongo DB Conectado
2024-09-14 10:00:20 info: Escuchando el servidor en el puerto 8080
2024-09-14 10:01:53 info: Mongo DB Conectado
2024-09-14 10:01:53 info: Escuchando el servidor en el puerto 8080
2024-09-14 10:03:11 info: Mongo DB Conectado
2024-09-14 10:03:11 info: Escuchando el servidor en el puerto 8080
2024-09-14 10:04:06 info: Mongo DB Conectado
2024-09-14 10:04:06 info: Escuchando el servidor en el puerto 8080
2024-09-14 10:04:33 info: Mongo DB Conectado
2024-09-14 10:04:33 info: Escuchando el servidor en el puerto 8080
2024-09-14 10:04:46 info: Mongo DB Conectado
2024-09-14 10:04:46 info: Escuchando el servidor en el puerto 8080
2024-09-14 10:04:48 info: Mongo DB Conectado
2024-09-14 10:04:48 info: Escuchando el servidor en el puerto 8080
2024-09-14 10:05:48 info: Mongo DB Conectado
2024-09-14 10:05:48 info: Escuchando el servidor en el puerto 8080
2024-09-14 10:08:06 info: Mongo DB Conectado
2024-09-14 10:08:06 info: Escuchando el servidor en el puerto 8080
2024-09-14 10:09:03 info: Mongo DB Conectado
2024-09-14 10:09:03 info: Escuchando el servidor en el puerto 8080
2024-09-14 10:11:20 info: Mongo DB Conectado
2024-09-14 10:11:20 info: Escuchando el servidor en el puerto 8080
2024-09-14 10:11:31 info: Mongo DB Conectado
2024-09-14 10:11:31 info: Escuchando el servidor en el puerto 8080
2024-09-14 10:12:06 info: Mongo DB Conectado
2024-09-14 10:12:06 info: Escuchando el servidor en el puerto 8080
2024-09-14 10:17:17 info: Mongo DB Conectado
2024-09-14 10:17:17 info: Escuchando el servidor en el puerto 8080
2024-09-14 10:25:41 info: Mongo DB Conectado
2024-09-14 10:25:41 info: Escuchando el servidor en el puerto 8080
2024-09-14 10:26:12 info: Mongo DB Conectado
2024-09-14 10:26:12 info: Escuchando el servidor en el puerto 8080
2024-09-14 10:26:59 info: Mongo DB Conectado
2024-09-14 10:26:59 info: Escuchando el servidor en el puerto 8080
2024-09-14 10:27:09 info: Mongo DB Conectado
2024-09-14 10:27:09 info: Escuchando el servidor en el puerto 8080
2024-09-14 10:27:34 info: Mongo DB Conectado
2024-09-14 10:27:34 info: Escuchando el servidor en el puerto 8080
2024-09-14 10:27:39 info: Mongo DB Conectado
2024-09-14 10:27:39 info: Escuchando el servidor en el puerto 8080
2024-09-14 10:27:59 error: [POST] /api/user/:uid/documents - Cannot read properties of undefined (reading 'documents')
2024-09-14 10:28:52 info: Mongo DB Conectado
2024-09-14 10:28:52 info: Escuchando el servidor en el puerto 8080
2024-09-14 10:29:03 error: [POST] /api/user/:uid/documents - Cannot read properties of undefined (reading 'documents')
2024-09-14 10:29:22 info: Mongo DB Conectado
2024-09-14 10:29:22 info: Escuchando el servidor en el puerto 8080
2024-09-14 10:29:28 error: [POST] /api/user/:uid/documents - Cannot read properties of undefined (reading 'documents')
2024-09-14 10:30:31 info: Mongo DB Conectado
2024-09-14 10:30:31 info: Escuchando el servidor en el puerto 8080
2024-09-14 10:30:34 info: Mongo DB Conectado
2024-09-14 10:30:34 info: Escuchando el servidor en el puerto 8080
2024-09-14 10:31:26 info: Mongo DB Conectado
2024-09-14 10:31:26 info: Escuchando el servidor en el puerto 8080
2024-09-14 10:34:56 info: Mongo DB Conectado
2024-09-14 10:34:56 info: Escuchando el servidor en el puerto 8080
2024-09-14 10:35:29 info: Mongo DB Conectado
2024-09-14 10:35:29 info: Escuchando el servidor en el puerto 8080
2024-09-14 10:35:31 info: Mongo DB Conectado
2024-09-14 10:35:31 info: Escuchando el servidor en el puerto 8080
2024-09-14 10:36:20 info: Mongo DB Conectado
2024-09-14 10:36:20 info: Escuchando el servidor en el puerto 8080
2024-09-14 10:38:56 info: Mongo DB Conectado
2024-09-14 10:38:56 info: Escuchando el servidor en el puerto 8080
2024-09-14 10:40:45 info: Mongo DB Conectado
2024-09-14 10:40:45 info: Escuchando el servidor en el puerto 8080
2024-09-14 10:42:32 info: Mongo DB Conectado
2024-09-14 10:42:32 info: Escuchando el servidor en el puerto 8080
2024-09-14 10:42:44 info: Mongo DB Conectado
2024-09-14 10:42:44 info: Escuchando el servidor en el puerto 8080
2024-09-14 10:42:56 error: [POST] /api/user/:uid/documents - Cannot read properties of undefined (reading 'documents')
2024-09-14 10:43:58 info: Mongo DB Conectado
2024-09-14 10:43:58 info: Escuchando el servidor en el puerto 8080
2024-09-14 10:44:06 error: [POST] /api/user/:uid/documents - Cannot read properties of undefined (reading 'documents')
2024-09-14 10:45:08 info: Mongo DB Conectado
2024-09-14 10:45:08 info: Escuchando el servidor en el puerto 8080
2024-09-14 10:46:12 info: Mongo DB Conectado
2024-09-14 10:46:12 info: Escuchando el servidor en el puerto 8080
