2024-08-03 13:04:50 error: Cast to ObjectId failed for value "663ecface7a12be667faa99" (type string) at path "_id" for model "products"
2024-08-03 13:08:24 error: Cast to ObjectId failed for value "fdsfsdfsd" (type string) at path "_id" for model "products"
2024-08-03 13:11:48 error: [GET] /api/products/id:
2024-08-03 13:11:48 error: Cast to ObjectId failed for value "fdsfsdfsd" (type string) at path "_id" for model "products"
2024-08-03 13:12:23 error: [GET] /api/products/id:
2024-08-03 13:14:02 error: [GET] /api/products/id:
2024-08-03 13:14:02 error: Cast to ObjectId failed for value "663ecfac" (type string) at path "_id" for model "products"
2024-08-03 13:14:16 error: [GET] /api/products/id:
2024-08-03 13:14:16 error: Cast to ObjectId failed for value "663ecfac" (type string) at path "_id" for model "products"
2024-08-16 20:46:30 error: [POST] /api/user/reset-password - data and hash arguments required
2024-08-16 20:50:02 error: [POST] /api/user/reset-password - data and hash arguments required
2024-08-16 20:50:38 error: [POST] /api/user/reset-password - data and hash arguments required
2024-08-24 13:20:16 error: _id - Cast to ObjectId failed for value "dffdsfdsfds" (type string) at path "_id" for model "products"
2024-09-14 09:08:55 error:  - userServices.getUserById is not a function
2024-09-14 09:11:55 error:  - error.badRequestError is not a constructor
2024-09-14 09:17:45 error:  - Unexpected field
2024-09-14 09:19:11 error:  - Unexpected field
2024-09-14 09:21:00 error:  - Unexpected field
2024-09-14 09:26:21 error:  - Unexpected field
2024-09-14 09:27:08 error:  - Unexpected field
2024-09-14 09:27:18 error:  - Unexpected field
2024-09-14 09:39:13 error: C:\Users\profe\OneDrive\Documentos\cursos\Backend\repo-clases-backend\integradora\integradora\public\uploads\profile\ghhvumnk6lpt82tmp1co (1).png - ENOENT: no such file or directory, open 'C:\Users\profe\OneDrive\Documentos\cursos\Backend\repo-clases-backend\integradora\integradora\public\uploads\profile\ghhvumnk6lpt82tmp1co (1).png'
2024-09-14 10:27:59 error: [POST] /api/user/:uid/documents - Cannot read properties of undefined (reading 'documents')
2024-09-14 10:29:03 error: [POST] /api/user/:uid/documents - Cannot read properties of undefined (reading 'documents')
2024-09-14 10:29:28 error: [POST] /api/user/:uid/documents - Cannot read properties of undefined (reading 'documents')
2024-09-14 10:42:56 error: [POST] /api/user/:uid/documents - Cannot read properties of undefined (reading 'documents')
2024-09-14 10:44:06 error: [POST] /api/user/:uid/documents - Cannot read properties of undefined (reading 'documents')
